############################ STARTUP CONFIG FILE COPYING #############################
Date and Time : 10/18/18 23:29:16
Downloaded by : root
      File Copying        


/vagrant/NetAutomation/Ansible/LAB/ConfigRepos/eos/SPINE01/SPINE01.conf>> >>> >>/var/lib/tftpboot/lab/525400DC0BEB/SPINE01.conf
############################ STARTUP CONFIG FILE COPYING #############################
Date and Time : 10/18/18 23:29:16
Downloaded by : root
      File Copying        


/vagrant/NetAutomation/Ansible/LAB/ConfigRepos/eos/LEAF01/LEAF01.conf>> >>> >>/var/lib/tftpboot/lab/525400B209F0/LEAF01.conf
############################ STARTUP CONFIG FILE COPYING #############################
Date and Time : 10/18/18 23:29:16
Downloaded by : root
      File Copying        


/vagrant/NetAutomation/Ansible/LAB/ConfigRepos/eos/LEAF02/LEAF02.conf>> >>> >>/var/lib/tftpboot/lab/5254001E3118/LEAF02.conf
############################ STARTUP CONFIG FILE COPYING #############################
Date and Time : 10/18/18 23:29:16
Downloaded by : root
      File Copying        


/vagrant/NetAutomation/Ansible/LAB/ConfigRepos/eos/LEAF03/LEAF03.conf>> >>> >>/var/lib/tftpboot/lab/525400794D9D/LEAF03.conf
############################ STARTUP CONFIG FILE COPYING #############################
Date and Time : 10/18/18 23:29:16
Downloaded by : root
      File Copying        


/vagrant/NetAutomation/Ansible/LAB/ConfigRepos/eos/SPINE02/SPINE02.conf>> >>> >>/var/lib/tftpboot/lab/525400A0A41D/SPINE02.conf
############################ STARTUP CONFIG FILE COPYING #############################
Date and Time : 10/18/18 23:31:55
Downloaded by : root
      File Copying        


/vagrant/NetAutomation/Ansible/LAB/ConfigRepos/eos/SPINE01/SPINE01.conf>> >>> >>/var/lib/tftpboot/lab/525400DC0BEB/SPINE01.conf
############################ STARTUP CONFIG FILE COPYING #############################
Date and Time : 10/18/18 23:31:55
Downloaded by : root
      File Copying        


/vagrant/NetAutomation/Ansible/LAB/ConfigRepos/eos/LEAF02/LEAF02.conf>> >>> >>/var/lib/tftpboot/lab/5254001E3118/LEAF02.conf
############################ STARTUP CONFIG FILE COPYING #############################
Date and Time : 10/18/18 23:31:55
Downloaded by : root
      File Copying        


/vagrant/NetAutomation/Ansible/LAB/ConfigRepos/eos/LEAF01/LEAF01.conf>> >>> >>/var/lib/tftpboot/lab/525400B209F0/LEAF01.conf
############################ STARTUP CONFIG FILE COPYING #############################
Date and Time : 10/18/18 23:31:55
Downloaded by : root
      File Copying        


/vagrant/NetAutomation/Ansible/LAB/ConfigRepos/eos/LEAF03/LEAF03.conf>> >>> >>/var/lib/tftpboot/lab/525400794D9D/LEAF03.conf
############################ STARTUP CONFIG FILE COPYING #############################
Date and Time : 10/18/18 23:31:55
Downloaded by : root
      File Copying        


/vagrant/NetAutomation/Ansible/LAB/ConfigRepos/eos/SPINE02/SPINE02.conf>> >>> >>/var/lib/tftpboot/lab/525400A0A41D/SPINE02.conf
############################ STARTUP CONFIG FILE COPYING #############################
Date and Time : 10/18/18 23:37:53
Downloaded by : root
      File Copying        


/vagrant/NetAutomation/Ansible/LAB/ConfigRepos/eos/SPINE01/SPINE01.conf>> >>> >>/var/lib/tftpboot/lab/525400DC0BEB/SPINE01.conf
############################ STARTUP CONFIG FILE COPYING #############################
Date and Time : 10/18/18 23:37:53
Downloaded by : root
      File Copying        


/vagrant/NetAutomation/Ansible/LAB/ConfigRepos/eos/LEAF01/LEAF01.conf>> >>> >>/var/lib/tftpboot/lab/525400B209F0/LEAF01.conf
############################ STARTUP CONFIG FILE COPYING #############################
Date and Time : 10/18/18 23:37:53
Downloaded by : root
      File Copying        


/vagrant/NetAutomation/Ansible/LAB/ConfigRepos/eos/SPINE02/SPINE02.conf>> >>> >>/var/lib/tftpboot/lab/525400A0A41D/SPINE02.conf
############################ STARTUP CONFIG FILE COPYING #############################
Date and Time : 10/18/18 23:37:53
Downloaded by : root
      File Copying        


/vagrant/NetAutomation/Ansible/LAB/ConfigRepos/eos/LEAF03/LEAF03.conf>> >>> >>/var/lib/tftpboot/lab/525400794D9D/LEAF03.conf
############################ STARTUP CONFIG FILE COPYING #############################
Date and Time : 10/18/18 23:37:53
Downloaded by : root
      File Copying        


/vagrant/NetAutomation/Ansible/LAB/ConfigRepos/eos/LEAF02/LEAF02.conf>> >>> >>/var/lib/tftpboot/lab/5254001E3118/LEAF02.conf
############################ STARTUP CONFIG FILE COPYING #############################
Date and Time : 10/19/18 13:34:34
Downloaded by : root
      File Copying        


/vagrant/NetAutomation/Ansible/LAB/ConfigRepos/eos/SPINE01/SPINE01.conf>> >>> >>/var/lib/tftpboot/lab/525400DC0BEB/SPINE01.conf
############################ STARTUP CONFIG FILE COPYING #############################
Date and Time : 10/19/18 13:34:35
Downloaded by : root
      File Copying        


/vagrant/NetAutomation/Ansible/LAB/ConfigRepos/eos/LEAF03/LEAF03.conf>> >>> >>/var/lib/tftpboot/lab/525400794D9D/LEAF03.conf
############################ STARTUP CONFIG FILE COPYING #############################
Date and Time : 10/19/18 13:34:34
Downloaded by : root
      File Copying        


/vagrant/NetAutomation/Ansible/LAB/ConfigRepos/eos/SPINE02/SPINE02.conf>> >>> >>/var/lib/tftpboot/lab/525400A0A41D/SPINE02.conf
############################ STARTUP CONFIG FILE COPYING #############################
Date and Time : 10/19/18 13:34:35
Downloaded by : root
      File Copying        


/vagrant/NetAutomation/Ansible/LAB/ConfigRepos/eos/LEAF01/LEAF01.conf>> >>> >>/var/lib/tftpboot/lab/525400B209F0/LEAF01.conf
############################ STARTUP CONFIG FILE COPYING #############################
Date and Time : 10/19/18 13:34:35
Downloaded by : root
      File Copying        


/vagrant/NetAutomation/Ansible/LAB/ConfigRepos/eos/LEAF02/LEAF02.conf>> >>> >>/var/lib/tftpboot/lab/5254001E3118/LEAF02.conf
############################ STARTUP CONFIG FILE COPYING #############################
Date and Time : 10/19/18 13:39:36
Downloaded by : root
      File Copying        


/vagrant/NetAutomation/Ansible/LAB/ConfigRepos/eos/SPINE01/SPINE01.conf>> >>> >>/var/lib/tftpboot/lab/525400DC0BEB/SPINE01.conf
############################ STARTUP CONFIG FILE COPYING #############################
Date and Time : 10/19/18 13:39:36
Downloaded by : root
      File Copying        


/vagrant/NetAutomation/Ansible/LAB/ConfigRepos/eos/LEAF01/LEAF01.conf>> >>> >>/var/lib/tftpboot/lab/525400B209F0/LEAF01.conf
############################ STARTUP CONFIG FILE COPYING #############################
Date and Time : 10/19/18 13:39:36
Downloaded by : root
      File Copying        


/vagrant/NetAutomation/Ansible/LAB/ConfigRepos/eos/SPINE02/SPINE02.conf>> >>> >>/var/lib/tftpboot/lab/525400A0A41D/SPINE02.conf
############################ STARTUP CONFIG FILE COPYING #############################
Date and Time : 10/19/18 13:39:36
Downloaded by : root
      File Copying        


/vagrant/NetAutomation/Ansible/LAB/ConfigRepos/eos/LEAF02/LEAF02.conf>> >>> >>/var/lib/tftpboot/lab/5254001E3118/LEAF02.conf
############################ STARTUP CONFIG FILE COPYING #############################
Date and Time : 10/19/18 13:39:36
Downloaded by : root
      File Copying        


/vagrant/NetAutomation/Ansible/LAB/ConfigRepos/eos/LEAF03/LEAF03.conf>> >>> >>/var/lib/tftpboot/lab/525400794D9D/LEAF03.conf
############################ STARTUP CONFIG FILE COPYING #############################
Date and Time : 10/19/18 13:52:55
Downloaded by : root
      File Copying        


/vagrant/NetAutomation/Ansible/LAB/ConfigRepos/eos/SPINE01/SPINE01.conf>> >>> >>/var/lib/tftpboot/lab/525400DC0BEB/SPINE01.conf
############################ STARTUP CONFIG FILE COPYING #############################
Date and Time : 10/19/18 13:52:55
Downloaded by : root
      File Copying        


/vagrant/NetAutomation/Ansible/LAB/ConfigRepos/eos/LEAF02/LEAF02.conf>> >>> >>/var/lib/tftpboot/lab/5254001E3118/LEAF02.conf
############################ STARTUP CONFIG FILE COPYING #############################
Date and Time : 10/19/18 13:52:55
Downloaded by : root
      File Copying        


/vagrant/NetAutomation/Ansible/LAB/ConfigRepos/eos/SPINE02/SPINE02.conf>> >>> >>/var/lib/tftpboot/lab/525400A0A41D/SPINE02.conf
############################ STARTUP CONFIG FILE COPYING #############################
Date and Time : 10/19/18 13:52:55
Downloaded by : root
      File Copying        


/vagrant/NetAutomation/Ansible/LAB/ConfigRepos/eos/LEAF01/LEAF01.conf>> >>> >>/var/lib/tftpboot/lab/525400B209F0/LEAF01.conf
############################ STARTUP CONFIG FILE COPYING #############################
Date and Time : 10/19/18 13:52:56
Downloaded by : root
      File Copying        


/vagrant/NetAutomation/Ansible/LAB/ConfigRepos/eos/LEAF03/LEAF03.conf>> >>> >>/var/lib/tftpboot/lab/525400794D9D/LEAF03.conf
############################ STARTUP CONFIG FILE COPYING #############################
Date and Time : 10/19/18 14:23:24
Downloaded by : root
      File Copying        


/vagrant/NetAutomation/Ansible/LAB/ConfigRepos/eos/SPINE01/SPINE01.conf>> >>> >>/var/lib/tftpboot/lab/525400DC0BEB/SPINE01.conf
############################ STARTUP CONFIG FILE COPYING #############################
Date and Time : 10/19/18 14:23:24
Downloaded by : root
      File Copying        


/vagrant/NetAutomation/Ansible/LAB/ConfigRepos/eos/LEAF03/LEAF03.conf>> >>> >>/var/lib/tftpboot/lab/525400794D9D/LEAF03.conf
############################ STARTUP CONFIG FILE COPYING #############################
Date and Time : 10/19/18 14:23:24
Downloaded by : root
      File Copying        


/vagrant/NetAutomation/Ansible/LAB/ConfigRepos/eos/SPINE02/SPINE02.conf>> >>> >>/var/lib/tftpboot/lab/525400A0A41D/SPINE02.conf
############################ STARTUP CONFIG FILE COPYING #############################
Date and Time : 10/19/18 14:23:24
Downloaded by : root
      File Copying        


/vagrant/NetAutomation/Ansible/LAB/ConfigRepos/eos/LEAF01/LEAF01.conf>> >>> >>/var/lib/tftpboot/lab/525400B209F0/LEAF01.conf
############################ STARTUP CONFIG FILE COPYING #############################
Date and Time : 10/19/18 14:23:24
Downloaded by : root
      File Copying        


/vagrant/NetAutomation/Ansible/LAB/ConfigRepos/eos/LEAF02/LEAF02.conf>> >>> >>/var/lib/tftpboot/lab/5254001E3118/LEAF02.conf
############################ STARTUP CONFIG FILE COPYING #############################
Date and Time : 10/19/18 14:24:27
Downloaded by : root
      File Copying        


/vagrant/NetAutomation/Ansible/LAB/ConfigRepos/eos/SPINE01/SPINE01.conf>> >>> >>/var/lib/tftpboot/lab/525400DC0BEB/SPINE01.conf
############################ STARTUP CONFIG FILE COPYING #############################
Date and Time : 10/19/18 14:24:27
Downloaded by : root
      File Copying        


/vagrant/NetAutomation/Ansible/LAB/ConfigRepos/eos/LEAF01/LEAF01.conf>> >>> >>/var/lib/tftpboot/lab/525400B209F0/LEAF01.conf
############################ STARTUP CONFIG FILE COPYING #############################
Date and Time : 10/19/18 14:24:28
Downloaded by : root
      File Copying        


/vagrant/NetAutomation/Ansible/LAB/ConfigRepos/eos/LEAF02/LEAF02.conf>> >>> >>/var/lib/tftpboot/lab/5254001E3118/LEAF02.conf
############################ STARTUP CONFIG FILE COPYING #############################
Date and Time : 10/19/18 14:24:28
Downloaded by : root
      File Copying        


/vagrant/NetAutomation/Ansible/LAB/ConfigRepos/eos/LEAF03/LEAF03.conf>> >>> >>/var/lib/tftpboot/lab/525400794D9D/LEAF03.conf
############################ STARTUP CONFIG FILE COPYING #############################
Date and Time : 10/19/18 14:24:27
Downloaded by : root
      File Copying        


/vagrant/NetAutomation/Ansible/LAB/ConfigRepos/eos/SPINE02/SPINE02.conf>> >>> >>/var/lib/tftpboot/lab/525400A0A41D/SPINE02.conf
############################ STARTUP CONFIG FILE COPYING #############################
Date and Time : 10/19/18 14:31:51
Downloaded by : root
      File Copying        


/vagrant/NetAutomation/Ansible/LAB/ConfigRepos/eos/SPINE01/SPINE01.conf>> >>> >>/var/lib/tftpboot/lab/525400DC0BEB/SPINE01.conf
############################ STARTUP CONFIG FILE COPYING #############################
Date and Time : 10/19/18 14:31:51
Downloaded by : root
      File Copying        


/vagrant/NetAutomation/Ansible/LAB/ConfigRepos/eos/LEAF02/LEAF02.conf>> >>> >>/var/lib/tftpboot/lab/5254001E3118/LEAF02.conf
############################ STARTUP CONFIG FILE COPYING #############################
Date and Time : 10/19/18 14:31:51
Downloaded by : root
      File Copying        


/vagrant/NetAutomation/Ansible/LAB/ConfigRepos/eos/SPINE02/SPINE02.conf>> >>> >>/var/lib/tftpboot/lab/525400A0A41D/SPINE02.conf
############################ STARTUP CONFIG FILE COPYING #############################
Date and Time : 10/19/18 14:31:51
Downloaded by : root
      File Copying        


/vagrant/NetAutomation/Ansible/LAB/ConfigRepos/eos/LEAF01/LEAF01.conf>> >>> >>/var/lib/tftpboot/lab/525400B209F0/LEAF01.conf
############################ STARTUP CONFIG FILE COPYING #############################
Date and Time : 10/19/18 14:31:51
Downloaded by : root
      File Copying        


/vagrant/NetAutomation/Ansible/LAB/ConfigRepos/eos/LEAF03/LEAF03.conf>> >>> >>/var/lib/tftpboot/lab/525400794D9D/LEAF03.conf
############################ STARTUP CONFIG FILE COPYING #############################
Date and Time : 10/19/18 14:32:39
Downloaded by : root
      File Copying        


/vagrant/NetAutomation/Ansible/LAB/ConfigRepos/eos/SPINE01/SPINE01.conf>> >>> >>/var/lib/tftpboot/lab/525400DC0BEB/SPINE01.conf
############################ STARTUP CONFIG FILE COPYING #############################
Date and Time : 10/19/18 14:32:40
Downloaded by : root
      File Copying        


/vagrant/NetAutomation/Ansible/LAB/ConfigRepos/eos/LEAF02/LEAF02.conf>> >>> >>/var/lib/tftpboot/lab/5254001E3118/LEAF02.conf
############################ STARTUP CONFIG FILE COPYING #############################
Date and Time : 10/19/18 14:32:40
Downloaded by : root
      File Copying        


/vagrant/NetAutomation/Ansible/LAB/ConfigRepos/eos/LEAF01/LEAF01.conf>> >>> >>/var/lib/tftpboot/lab/525400B209F0/LEAF01.conf
############################ STARTUP CONFIG FILE COPYING #############################
Date and Time : 10/19/18 14:32:40
Downloaded by : root
      File Copying        


/vagrant/NetAutomation/Ansible/LAB/ConfigRepos/eos/SPINE02/SPINE02.conf>> >>> >>/var/lib/tftpboot/lab/525400A0A41D/SPINE02.conf
############################ STARTUP CONFIG FILE COPYING #############################
Date and Time : 10/19/18 14:32:40
Downloaded by : root
      File Copying        


/vagrant/NetAutomation/Ansible/LAB/ConfigRepos/eos/LEAF03/LEAF03.conf>> >>> >>/var/lib/tftpboot/lab/525400794D9D/LEAF03.conf
############################ STARTUP CONFIG FILE COPYING #############################
Date and Time : 10/19/18 14:33:35
Downloaded by : root
      File Copying        


/vagrant/NetAutomation/Ansible/LAB/ConfigRepos/eos/SPINE01/SPINE01.conf>> >>> >>/var/lib/tftpboot/lab/525400DC0BEB/SPINE01.conf
############################ STARTUP CONFIG FILE COPYING #############################
Date and Time : 10/19/18 14:33:35
Downloaded by : root
      File Copying        


/vagrant/NetAutomation/Ansible/LAB/ConfigRepos/eos/LEAF02/LEAF02.conf>> >>> >>/var/lib/tftpboot/lab/5254001E3118/LEAF02.conf
############################ STARTUP CONFIG FILE COPYING #############################
Date and Time : 10/19/18 14:33:35
Downloaded by : root
      File Copying        


/vagrant/NetAutomation/Ansible/LAB/ConfigRepos/eos/SPINE02/SPINE02.conf>> >>> >>/var/lib/tftpboot/lab/525400A0A41D/SPINE02.conf
############################ STARTUP CONFIG FILE COPYING #############################
Date and Time : 10/19/18 14:33:35
Downloaded by : root
      File Copying        


/vagrant/NetAutomation/Ansible/LAB/ConfigRepos/eos/LEAF01/LEAF01.conf>> >>> >>/var/lib/tftpboot/lab/525400B209F0/LEAF01.conf
############################ STARTUP CONFIG FILE COPYING #############################
Date and Time : 10/19/18 14:33:36
Downloaded by : root
      File Copying        


/vagrant/NetAutomation/Ansible/LAB/ConfigRepos/eos/LEAF03/LEAF03.conf>> >>> >>/var/lib/tftpboot/lab/525400794D9D/LEAF03.conf
############################ STARTUP CONFIG FILE COPYING #############################
Date and Time : 10/19/18 14:58:46
Downloaded by : root
      File Copying        


/vagrant/NetAutomation/Ansible/LAB/ConfigRepos/eos/SPINE01/SPINE01.conf>> >>> >>/var/lib/tftpboot/lab/525400DC0BEB/SPINE01.conf
############################ STARTUP CONFIG FILE COPYING #############################
Date and Time : 10/19/18 14:58:47
Downloaded by : root
      File Copying        


/vagrant/NetAutomation/Ansible/LAB/ConfigRepos/eos/LEAF03/LEAF03.conf>> >>> >>/var/lib/tftpboot/lab/525400794D9D/LEAF03.conf
############################ STARTUP CONFIG FILE COPYING #############################
Date and Time : 10/19/18 14:58:47
Downloaded by : root
      File Copying        


/vagrant/NetAutomation/Ansible/LAB/ConfigRepos/eos/LEAF02/LEAF02.conf>> >>> >>/var/lib/tftpboot/lab/5254001E3118/LEAF02.conf
############################ STARTUP CONFIG FILE COPYING #############################
Date and Time : 10/19/18 14:58:46
Downloaded by : root
      File Copying        


/vagrant/NetAutomation/Ansible/LAB/ConfigRepos/eos/LEAF01/LEAF01.conf>> >>> >>/var/lib/tftpboot/lab/525400B209F0/LEAF01.conf
############################ STARTUP CONFIG FILE COPYING #############################
Date and Time : 10/19/18 14:58:46
Downloaded by : root
      File Copying        


/vagrant/NetAutomation/Ansible/LAB/ConfigRepos/eos/SPINE02/SPINE02.conf>> >>> >>/var/lib/tftpboot/lab/525400A0A41D/SPINE02.conf
############################ STARTUP CONFIG FILE COPYING #############################
Date and Time : 10/19/18 14:59:27
Downloaded by : root
      File Copying        


/vagrant/NetAutomation/Ansible/LAB/ConfigRepos/eos/SPINE01/SPINE01.conf>> >>> >>/var/lib/tftpboot/lab/525400DC0BEB/SPINE01.conf
############################ STARTUP CONFIG FILE COPYING #############################
Date and Time : 10/19/18 14:59:27
Downloaded by : root
      File Copying        


/vagrant/NetAutomation/Ansible/LAB/ConfigRepos/eos/LEAF01/LEAF01.conf>> >>> >>/var/lib/tftpboot/lab/525400B209F0/LEAF01.conf
############################ STARTUP CONFIG FILE COPYING #############################
Date and Time : 10/19/18 14:59:27
Downloaded by : root
      File Copying        


/vagrant/NetAutomation/Ansible/LAB/ConfigRepos/eos/SPINE02/SPINE02.conf>> >>> >>/var/lib/tftpboot/lab/525400A0A41D/SPINE02.conf
############################ STARTUP CONFIG FILE COPYING #############################
Date and Time : 10/19/18 14:59:27
Downloaded by : root
      File Copying        


/vagrant/NetAutomation/Ansible/LAB/ConfigRepos/eos/LEAF03/LEAF03.conf>> >>> >>/var/lib/tftpboot/lab/525400794D9D/LEAF03.conf
############################ STARTUP CONFIG FILE COPYING #############################
Date and Time : 10/19/18 14:59:27
Downloaded by : root
      File Copying        


/vagrant/NetAutomation/Ansible/LAB/ConfigRepos/eos/LEAF02/LEAF02.conf>> >>> >>/var/lib/tftpboot/lab/5254001E3118/LEAF02.conf
############################ STARTUP CONFIG FILE COPYING #############################
Date and Time : 10/21/18 21:36:49
Downloaded by : vagrant
      File Copying        


/vagrant/NetAutomation/Ansible/LAB/ConfigRepos/eos/SPINE01/SPINE01.conf>> >>> >>/var/lib/tftpboot/lab/525400DC0BEB/SPINE01.conf
############################ STARTUP CONFIG FILE COPYING #############################
Date and Time : 10/21/18 21:36:50
Downloaded by : vagrant
      File Copying        


/vagrant/NetAutomation/Ansible/LAB/ConfigRepos/eos/SPINE02/SPINE02.conf>> >>> >>/var/lib/tftpboot/lab/525400A0A41D/SPINE02.conf
############################ STARTUP CONFIG FILE COPYING #############################
Date and Time : 10/21/18 21:36:50
Downloaded by : vagrant
      File Copying        


/vagrant/NetAutomation/Ansible/LAB/ConfigRepos/eos/LEAF01/LEAF01.conf>> >>> >>/var/lib/tftpboot/lab/525400B209F0/LEAF01.conf
############################ STARTUP CONFIG FILE COPYING #############################
Date and Time : 10/21/18 21:36:50
Downloaded by : vagrant
      File Copying        


/vagrant/NetAutomation/Ansible/LAB/ConfigRepos/eos/LEAF02/LEAF02.conf>> >>> >>/var/lib/tftpboot/lab/5254001E3118/LEAF02.conf
############################ STARTUP CONFIG FILE COPYING #############################
Date and Time : 10/21/18 21:36:50
Downloaded by : vagrant
      File Copying        


/vagrant/NetAutomation/Ansible/LAB/ConfigRepos/eos/LEAF03/LEAF03.conf>> >>> >>/var/lib/tftpboot/lab/525400794D9D/LEAF03.conf
############################ STARTUP CONFIG FILE COPYING #############################
Date and Time : 10/21/18 21:41:14
Downloaded by : root
      File Copying        


/vagrant/NetAutomation/Ansible/LAB/ConfigRepos/eos/LEAF01/LEAF01.conf>> >>> >>/var/lib/tftpboot/lab/525400B209F0/LEAF01.conf
############################ STARTUP CONFIG FILE COPYING #############################
Date and Time : 10/21/18 21:46:06
Downloaded by : vagrant
      File Copying        


/vagrant/NetAutomation/Ansible/LAB/ConfigRepos/eos/SPINE01/SPINE01.conf>> >>> >>/var/lib/tftpboot/lab/525400DC0BEB/SPINE01.conf
############################ STARTUP CONFIG FILE COPYING #############################
Date and Time : 10/21/18 21:46:06
Downloaded by : vagrant
      File Copying        


/vagrant/NetAutomation/Ansible/LAB/ConfigRepos/eos/SPINE02/SPINE02.conf>> >>> >>/var/lib/tftpboot/lab/525400A0A41D/SPINE02.conf
############################ STARTUP CONFIG FILE COPYING #############################
Date and Time : 10/21/18 21:46:06
Downloaded by : vagrant
      File Copying        


/vagrant/NetAutomation/Ansible/LAB/ConfigRepos/eos/LEAF01/LEAF01.conf>> >>> >>/var/lib/tftpboot/lab/525400B209F0/LEAF01.conf
############################ STARTUP CONFIG FILE COPYING #############################
Date and Time : 10/21/18 21:46:06
Downloaded by : vagrant
      File Copying        


/vagrant/NetAutomation/Ansible/LAB/ConfigRepos/eos/LEAF02/LEAF02.conf>> >>> >>/var/lib/tftpboot/lab/5254001E3118/LEAF02.conf
############################ STARTUP CONFIG FILE COPYING #############################
Date and Time : 10/21/18 21:46:06
Downloaded by : vagrant
      File Copying        


/vagrant/NetAutomation/Ansible/LAB/ConfigRepos/eos/LEAF03/LEAF03.conf>> >>> >>/var/lib/tftpboot/lab/525400794D9D/LEAF03.conf
############################ STARTUP CONFIG FILE COPYING #############################
Date and Time : 10/21/18 22:00:49
Downloaded by : vagrant
      File Copying        


/vagrant/NetAutomation/Ansible/LAB/ConfigRepos/eos/SPINE01/SPINE01.conf>> >>> >>/var/lib/tftpboot/lab/525400DC0BEB/SPINE01.conf
############################ STARTUP CONFIG FILE COPYING #############################
Date and Time : 10/21/18 22:00:49
Downloaded by : vagrant
      File Copying        


/vagrant/NetAutomation/Ansible/LAB/ConfigRepos/eos/SPINE02/SPINE02.conf>> >>> >>/var/lib/tftpboot/lab/525400A0A41D/SPINE02.conf
############################ STARTUP CONFIG FILE COPYING #############################
Date and Time : 10/21/18 22:00:49
Downloaded by : vagrant
      File Copying        


/vagrant/NetAutomation/Ansible/LAB/ConfigRepos/eos/LEAF02/LEAF02.conf>> >>> >>/var/lib/tftpboot/lab/5254001E3118/LEAF02.conf
############################ STARTUP CONFIG FILE COPYING #############################
Date and Time : 10/21/18 22:00:49
Downloaded by : vagrant
      File Copying        


/vagrant/NetAutomation/Ansible/LAB/ConfigRepos/eos/LEAF01/LEAF01.conf>> >>> >>/var/lib/tftpboot/lab/525400B209F0/LEAF01.conf
############################ STARTUP CONFIG FILE COPYING #############################
Date and Time : 10/21/18 22:00:49
Downloaded by : vagrant
      File Copying        


/vagrant/NetAutomation/Ansible/LAB/ConfigRepos/eos/LEAF03/LEAF03.conf>> >>> >>/var/lib/tftpboot/lab/525400794D9D/LEAF03.conf
